<?xml version="1.0" ?>
<coverage version="7.6.10" timestamp="1737007687397" lines-valid="32" lines-covered="31" line-rate="0.9688" branches-valid="10" branches-covered="10" branch-rate="1" complexity="0">
	<!-- Generated by coverage.py: https://coverage.readthedocs.io/en/7.6.10 -->
	<!-- Based on https://raw.githubusercontent.com/cobertura/web/master/htdocs/xml/coverage-04.dtd -->
	<sources>
		<source>/Users/delta/Desktop/Project/devops/devops-setup</source>
	</sources>
	<packages>
		<package name="." line-rate="0.9524" branch-rate="1" complexity="0">
			<classes>
				<class name="main.py" filename="main.py" complexity="0" line-rate="0.9524" branch-rate="1">
					<methods/>
					<lines>
						<line number="1" hits="1"/>
						<line number="2" hits="1"/>
						<line number="3" hits="1"/>
						<line number="6" hits="1"/>
						<line number="8" hits="1"/>
						<line number="9" hits="1"/>
						<line number="18" hits="1"/>
						<line number="19" hits="1"/>
						<line number="24" hits="0"/>
						<line number="26" hits="1"/>
						<line number="27" hits="1"/>
						<line number="41" hits="1"/>
						<line number="42" hits="1" branch="true" condition-coverage="100% (2/2)"/>
						<line number="43" hits="1"/>
						<line number="44" hits="1" branch="true" condition-coverage="100% (2/2)"/>
						<line number="45" hits="1"/>
						<line number="46" hits="1" branch="true" condition-coverage="100% (2/2)"/>
						<line number="47" hits="1"/>
						<line number="48" hits="1" branch="true" condition-coverage="100% (2/2)"/>
						<line number="49" hits="1"/>
						<line number="51" hits="1"/>
					</lines>
				</class>
			</classes>
		</package>
		<package name="utils" line-rate="1" branch-rate="1" complexity="0">
			<classes>
				<class name="__init__.py" filename="utils/__init__.py" complexity="0" line-rate="1" branch-rate="1">
					<methods/>
					<lines/>
				</class>
				<class name="calculator.py" filename="utils/calculator.py" complexity="0" line-rate="1" branch-rate="1">
					<methods/>
					<lines>
						<line number="1" hits="1"/>
						<line number="2" hits="1"/>
						<line number="13" hits="1"/>
						<line number="15" hits="1"/>
						<line number="27" hits="1"/>
						<line number="29" hits="1"/>
						<line number="40" hits="1"/>
						<line number="42" hits="1"/>
						<line number="56" hits="1" branch="true" condition-coverage="100% (2/2)"/>
						<line number="57" hits="1"/>
						<line number="59" hits="1"/>
					</lines>
				</class>
			</classes>
		</package>
	</packages>
</coverage>
